2023-05-21 00:05:195 INFO  LoginPage :41 - Enter User Name: Admin
2023-05-21 00:05:636 INFO  LoginPage :51 - Enter Password: admin123
2023-05-21 00:05:848 INFO  LoginPage :46 - Clicking on Login Button: [[ChromeDriver: chrome on WINDOWS (33c862ce1e0fb0f2691b8ca8f6bcff6c)] -> xpath: //button[@type='submit']]
2023-05-21 00:05:180 INFO  LoginPage :62 - Verifying Login: [[ChromeDriver: chrome on WINDOWS (33c862ce1e0fb0f2691b8ca8f6bcff6c)] -> xpath: //h6[normalize-space()='Dashboard']]
2023-05-21 00:05:519 INFO  LoginPage :41 - Enter User Name: Admin
2023-05-21 00:05:26 INFO  LoginPage :51 - Enter Password: admin123
2023-05-21 00:05:214 INFO  LoginPage :46 - Clicking on Login Button: [[ChromeDriver: chrome on WINDOWS (493e6a1d61b6c78bddfd84b7cd6e09ab)] -> xpath: //button[@type='submit']]
2023-05-21 00:05:428 INFO  DashboardPage :31 - Verifying Orange HRM Logo: [[ChromeDriver: chrome on WINDOWS (493e6a1d61b6c78bddfd84b7cd6e09ab)] -> xpath: //img[@alt='client brand banner']]
2023-05-21 00:05:430 INFO  LoginPage :41 - Enter User Name: Admin
2023-05-21 00:05:980 INFO  LoginPage :51 - Enter Password: admin123
2023-05-21 00:05:154 INFO  LoginPage :46 - Clicking on Login Button: [[ChromeDriver: chrome on WINDOWS (1c49831bbf33260eb1e3b7440736a316)] -> xpath: //button[@type='submit']]
2023-05-21 00:05:372 INFO  HomePage :44 - Clicking on user profile logo: [[ChromeDriver: chrome on WINDOWS (1c49831bbf33260eb1e3b7440736a316)] -> xpath: //span[@class='oxd-userdropdown-tab']/i[1]]
2023-05-21 00:05:518 INFO  HomePage :49 - Clicking on Log Out: [[ChromeDriver: chrome on WINDOWS (1c49831bbf33260eb1e3b7440736a316)] -> xpath: //a[contains(text(),'Logout')]]
2023-05-21 00:05:560 INFO  LoginPage :41 - Enter User Name: Admin
2023-05-21 00:05:917 INFO  LoginPage :51 - Enter Password: admin123
2023-05-21 00:05:112 INFO  LoginPage :46 - Clicking on Login Button: [[ChromeDriver: chrome on WINDOWS (9f0bf5ee9cd67e08c32b4a5ff4215f73)] -> xpath: //button[@type='submit']]
2023-05-21 00:05:293 INFO  HomePage :44 - Clicking on user profile logo: [[ChromeDriver: chrome on WINDOWS (9f0bf5ee9cd67e08c32b4a5ff4215f73)] -> xpath: //p[@class='oxd-userdropdown-name']]
2023-05-21 00:05:456 INFO  HomePage :49 - Clicking on Log Out: [[ChromeDriver: chrome on WINDOWS (9f0bf5ee9cd67e08c32b4a5ff4215f73)] -> xpath: //a[normalize-space()='Logout']]
2023-05-21 00:05:139 INFO  LoginPage :36 - Verifying Login Text: [[ChromeDriver: chrome on WINDOWS (9f0bf5ee9cd67e08c32b4a5ff4215f73)] -> xpath: //h5[normalize-space()='Login']]
2023-05-21 00:05:421 INFO  LoginPage :41 - Enter User Name: Admin
2023-05-21 00:05:804 INFO  LoginPage :51 - Enter Password: admin123
2023-05-21 00:05:997 INFO  LoginPage :46 - Clicking on Login Button: [[ChromeDriver: chrome on WINDOWS (275ee933d007d33439f94d4a1d733c35)] -> xpath: //button[@type='submit']]
2023-05-21 00:05:195 INFO  HomePage :44 - Clicking on user profile logo: [[ChromeDriver: chrome on WINDOWS (275ee933d007d33439f94d4a1d733c35)] -> xpath: //p[@class='oxd-userdropdown-name']]
2023-05-21 00:05:821 INFO  HomePage :50 - Clicking on Log Out: [[ChromeDriver: chrome on WINDOWS (275ee933d007d33439f94d4a1d733c35)] -> xpath: //a[normalize-space()='Logout']]
2023-05-21 00:05:165 INFO  LoginPage :36 - Verifying Login Text: [[ChromeDriver: chrome on WINDOWS (275ee933d007d33439f94d4a1d733c35)] -> xpath: //h5[normalize-space()='Login']]
2023-05-21 00:05:738 INFO  LoginPage :41 - Enter User Name: Admin
2023-05-21 00:05:414 INFO  LoginPage :51 - Enter Password: admin123
2023-05-21 00:05:607 INFO  LoginPage :46 - Clicking on Login Button: [[ChromeDriver: chrome on WINDOWS (2feb62f6af7a741ecc25939bf524c1cb)] -> xpath: //button[@type='submit']]
2023-05-21 00:05:890 INFO  LoginPage :62 - Verifying Login: [[ChromeDriver: chrome on WINDOWS (2feb62f6af7a741ecc25939bf524c1cb)] -> xpath: //h6[normalize-space()='Dashboard']]
2023-05-21 00:05:400 INFO  LoginPage :41 - Enter User Name: Admin
2023-05-21 00:05:918 INFO  LoginPage :51 - Enter Password: admin123
2023-05-21 00:05:105 INFO  LoginPage :46 - Clicking on Login Button: [[ChromeDriver: chrome on WINDOWS (e8cb49973f71c2d50978452ed97dae66)] -> xpath: //button[@type='submit']]
2023-05-21 00:05:422 INFO  DashboardPage :31 - Verifying Orange HRM Logo: [[ChromeDriver: chrome on WINDOWS (e8cb49973f71c2d50978452ed97dae66)] -> xpath: //img[@alt='client brand banner']]
2023-05-21 00:05:71 INFO  LoginPage :41 - Enter User Name: Admin
2023-05-21 00:05:607 INFO  LoginPage :51 - Enter Password: admin123
2023-05-21 00:05:809 INFO  LoginPage :46 - Clicking on Login Button: [[ChromeDriver: chrome on WINDOWS (1bdbb9e3e09ff964fca6ab64bb9f7842)] -> xpath: //button[@type='submit']]
2023-05-21 00:05:282 INFO  HomePage :44 - Clicking on user profile logo: [[ChromeDriver: chrome on WINDOWS (1bdbb9e3e09ff964fca6ab64bb9f7842)] -> xpath: //p[@class='oxd-userdropdown-name']]
2023-05-21 00:05:972 INFO  HomePage :50 - Clicking on Log Out: [[ChromeDriver: chrome on WINDOWS (1bdbb9e3e09ff964fca6ab64bb9f7842)] -> xpath: //a[normalize-space()='Logout']]
2023-05-21 00:05:297 INFO  LoginPage :36 - Verifying Login Text: [[ChromeDriver: chrome on WINDOWS (1bdbb9e3e09ff964fca6ab64bb9f7842)] -> xpath: //h5[normalize-space()='Login']]
2023-05-21 00:05:688 INFO  LoginPage :41 - Enter User Name: Admin
2023-05-21 00:05:316 INFO  LoginPage :51 - Enter Password: admin123
2023-05-21 00:05:503 INFO  LoginPage :46 - Clicking on Login Button: [[ChromeDriver: chrome on WINDOWS (a6bf6c1d267f6c25aecd13ca18fb46a2)] -> xpath: //button[@type='submit']]
2023-05-21 00:05:725 INFO  ViewSystemUsersPage :66 - Clicking on Admin: [[ChromeDriver: chrome on WINDOWS (a6bf6c1d267f6c25aecd13ca18fb46a2)] -> xpath: //a[@href='/web/index.php/admin/viewAdminModule']]
2023-05-21 00:05:328 INFO  ViewSystemUsersPage :71 - Verifying System User Text: [[ChromeDriver: chrome on WINDOWS (a6bf6c1d267f6c25aecd13ca18fb46a2)] -> xpath: //h5[@class='oxd-text oxd-text--h5 oxd-table-filter-title']]
2023-05-21 00:05:380 INFO  ViewSystemUsersPage :76 - Clicking on Add button: [[ChromeDriver: chrome on WINDOWS (a6bf6c1d267f6c25aecd13ca18fb46a2)] -> xpath: //button[@class='oxd-button oxd-button--medium oxd-button--secondary']]
2023-05-21 00:05:34 INFO  ViewSystemUsersPage :81 - Verifying User added text: Add User
2023-05-21 00:05:154 INFO  ViewSystemUsersPage :86 - Selecting Admin from Admin dropdown: Proxy element for: DefaultElementLocator 'By.xpath: //*[@class='oxd-select-wrapper']//*[contains(text(),'Admin')]'
2023-05-21 00:05:401 INFO  ViewSystemUsersPage :94 - Entering Employee name: Proxy element for: DefaultElementLocator 'By.xpath: //*[@class='oxd-autocomplete-wrapper']//*[contains(text(),'Goutam  Ganesh')]'
2023-05-21 00:05:93 INFO  ViewSystemUsersPage :101 - Entering User: [[ChromeDriver: chrome on WINDOWS (a6bf6c1d267f6c25aecd13ca18fb46a2)] -> xpath: //div[@class='oxd-form-row']/div[1]/div[4]/div[1]/div[2]/input[1]]
2023-05-21 00:05:360 INFO  ViewSystemUsersPage :106 - Selecting Status Disable: [[ChromeDriver: chrome on WINDOWS (a6bf6c1d267f6c25aecd13ca18fb46a2)] -> xpath: //*[@class='oxd-select-wrapper']//*[contains(text(),'Disabled')]]
2023-05-21 00:05:866 INFO  LoginPage :41 - Enter User Name: Admin
2023-05-21 00:05:361 INFO  LoginPage :51 - Enter Password: admin123
2023-05-21 00:05:508 INFO  LoginPage :46 - Clicking on Login Button: [[ChromeDriver: chrome on WINDOWS (8ca0b8630d7cb09ccb4ddd56f1c8c7cc)] -> xpath: //button[@type='submit']]
2023-05-21 00:05:731 INFO  ViewSystemUsersPage :66 - Clicking on Admin: [[ChromeDriver: chrome on WINDOWS (8ca0b8630d7cb09ccb4ddd56f1c8c7cc)] -> xpath: //a[@href='/web/index.php/admin/viewAdminModule']]
2023-05-21 00:05:255 INFO  ViewSystemUsersPage :71 - Verifying System User Text: [[ChromeDriver: chrome on WINDOWS (8ca0b8630d7cb09ccb4ddd56f1c8c7cc)] -> xpath: //h5[@class='oxd-text oxd-text--h5 oxd-table-filter-title']]
2023-05-21 00:05:342 INFO  AddUserPage :63 - Entering User Name: [[ChromeDriver: chrome on WINDOWS (8ca0b8630d7cb09ccb4ddd56f1c8c7cc)] -> xpath: //div[@class='oxd-form-row']/div[1]/div[1]/div[1]/div[2]/input[1]]
2023-05-21 00:05:645 INFO  AddUserPage :68 - Selecting Role: [[ChromeDriver: chrome on WINDOWS (8ca0b8630d7cb09ccb4ddd56f1c8c7cc)] -> xpath: //div[@class='oxd-grid-4 orangehrm-full-width-grid']/div[2]/div/div[2]/div/div/div[2]/i]
2023-05-21 00:05:362 INFO  AddUserPage :75 - Selecting Status Disable: [[ChromeDriver: chrome on WINDOWS (8ca0b8630d7cb09ccb4ddd56f1c8c7cc)] -> xpath: //*[@class='oxd-select-wrapper']//*[contains(text(),'Disabled')]]
2023-05-21 00:05:860 INFO  LoginPage :41 - Enter User Name: Admin
2023-05-21 00:05:364 INFO  LoginPage :51 - Enter Password: admin123
2023-05-21 00:05:517 INFO  LoginPage :46 - Clicking on Login Button: [[ChromeDriver: chrome on WINDOWS (5f8dcce50913fbcc75cab26b98d62458)] -> xpath: //button[@type='submit']]
2023-05-21 00:05:798 INFO  ViewSystemUsersPage :66 - Clicking on Admin: [[ChromeDriver: chrome on WINDOWS (5f8dcce50913fbcc75cab26b98d62458)] -> xpath: //a[@href='/web/index.php/admin/viewAdminModule']]
2023-05-21 00:05:377 INFO  ViewSystemUsersPage :71 - Verifying System User Text: [[ChromeDriver: chrome on WINDOWS (5f8dcce50913fbcc75cab26b98d62458)] -> xpath: //h5[@class='oxd-text oxd-text--h5 oxd-table-filter-title']]
2023-05-21 00:05:470 INFO  ViewSystemUsersPage :76 - Clicking on Add button: [[ChromeDriver: chrome on WINDOWS (5f8dcce50913fbcc75cab26b98d62458)] -> xpath: //button[@class='oxd-button oxd-button--medium oxd-button--secondary']]
2023-05-21 00:05:97 INFO  ViewSystemUsersPage :81 - Verifying User added text: Add User
2023-05-21 00:05:213 INFO  ViewSystemUsersPage :86 - Selecting Admin from Admin dropdown: [[ChromeDriver: chrome on WINDOWS (5f8dcce50913fbcc75cab26b98d62458)] -> xpath: //*[@class='oxd-select-wrapper']//*[contains(text(),'Admin')]]
2023-05-21 00:05:610 INFO  LoginPage :41 - Enter User Name: Admin
2023-05-21 00:05:109 INFO  LoginPage :51 - Enter Password: admin123
2023-05-21 00:05:262 INFO  LoginPage :46 - Clicking on Login Button: [[ChromeDriver: chrome on WINDOWS (1f1674cf89abefacdf5daf6419080957)] -> xpath: //button[@type='submit']]
2023-05-21 00:05:504 INFO  ViewSystemUsersPage :66 - Clicking on Admin: [[ChromeDriver: chrome on WINDOWS (1f1674cf89abefacdf5daf6419080957)] -> xpath: //a[@href='/web/index.php/admin/viewAdminModule']]
2023-05-21 00:05:159 INFO  ViewSystemUsersPage :71 - Verifying System User Text: [[ChromeDriver: chrome on WINDOWS (1f1674cf89abefacdf5daf6419080957)] -> xpath: //h5[@class='oxd-text oxd-text--h5 oxd-table-filter-title']]
2023-05-21 00:05:238 INFO  AddUserPage :63 - Entering User Name: [[ChromeDriver: chrome on WINDOWS (1f1674cf89abefacdf5daf6419080957)] -> xpath: //div[@class='oxd-form-row']/div[1]/div[1]/div[1]/div[2]/input[1]]
2023-05-21 00:05:543 INFO  AddUserPage :68 - Selecting Role: [[ChromeDriver: chrome on WINDOWS (1f1674cf89abefacdf5daf6419080957)] -> xpath: //div[@class='oxd-grid-4 orangehrm-full-width-grid']/div[2]/div/div[2]/div/div/div[2]/i]
2023-05-21 00:05:147 INFO  AddUserPage :75 - Selecting Status Disable: [[ChromeDriver: chrome on WINDOWS (1f1674cf89abefacdf5daf6419080957)] -> xpath: //*[@class='oxd-select-wrapper']//*[contains(text(),'Disabled')]]
2023-05-21 00:05:406 INFO  LoginPage :41 - Enter User Name: Admin
2023-05-21 00:05:63 INFO  LoginPage :51 - Enter Password: admin123
2023-05-21 00:05:248 INFO  LoginPage :46 - Clicking on Login Button: [[ChromeDriver: chrome on WINDOWS (02810903dafff6708d148d9d512c6940)] -> xpath: //button[@type='submit']]
2023-05-21 00:05:542 INFO  LoginPage :62 - Verifying Login: [[ChromeDriver: chrome on WINDOWS (02810903dafff6708d148d9d512c6940)] -> xpath: //h6[normalize-space()='Dashboard']]
2023-05-21 00:05:950 INFO  LoginPage :41 - Enter User Name: Admin
2023-05-21 00:05:471 INFO  LoginPage :51 - Enter Password: admin123
2023-05-21 00:05:642 INFO  LoginPage :46 - Clicking on Login Button: [[ChromeDriver: chrome on WINDOWS (643bff23e623b3905c451d1542afe688)] -> xpath: //button[@type='submit']]
2023-05-21 00:05:29 INFO  DashboardPage :31 - Verifying Orange HRM Logo: [[ChromeDriver: chrome on WINDOWS (643bff23e623b3905c451d1542afe688)] -> xpath: //img[@alt='client brand banner']]
2023-05-21 00:05:224 INFO  LoginPage :41 - Enter User Name: Admin
2023-05-21 00:05:739 INFO  LoginPage :51 - Enter Password: admin123
2023-05-21 00:05:897 INFO  LoginPage :46 - Clicking on Login Button: [[ChromeDriver: chrome on WINDOWS (07aff4a0144644d1d42730c04ff2a672)] -> xpath: //button[@type='submit']]
2023-05-21 00:05:173 INFO  HomePage :44 - Clicking on user profile logo: [[ChromeDriver: chrome on WINDOWS (07aff4a0144644d1d42730c04ff2a672)] -> xpath: //p[@class='oxd-userdropdown-name']]
2023-05-21 00:05:765 INFO  HomePage :50 - Clicking on Log Out: [[ChromeDriver: chrome on WINDOWS (07aff4a0144644d1d42730c04ff2a672)] -> xpath: //a[normalize-space()='Logout']]
2023-05-21 00:05:146 INFO  LoginPage :36 - Verifying Login Text: [[ChromeDriver: chrome on WINDOWS (07aff4a0144644d1d42730c04ff2a672)] -> xpath: //h5[normalize-space()='Login']]
2023-05-21 00:05:323 INFO  LoginPage :41 - Enter User Name: Admin
2023-05-21 00:05:835 INFO  LoginPage :51 - Enter Password: admin123
2023-05-21 00:05:995 INFO  LoginPage :46 - Clicking on Login Button: [[ChromeDriver: chrome on WINDOWS (1d1a637ad1cf5c58aa932a180dafa15f)] -> xpath: //button[@type='submit']]
2023-05-21 00:05:215 INFO  ViewSystemUsersPage :66 - Clicking on Admin: [[ChromeDriver: chrome on WINDOWS (1d1a637ad1cf5c58aa932a180dafa15f)] -> xpath: //a[@href='/web/index.php/admin/viewAdminModule']]
2023-05-21 00:05:737 INFO  ViewSystemUsersPage :71 - Verifying System User Text: [[ChromeDriver: chrome on WINDOWS (1d1a637ad1cf5c58aa932a180dafa15f)] -> xpath: //h5[@class='oxd-text oxd-text--h5 oxd-table-filter-title']]
2023-05-21 00:05:827 INFO  ViewSystemUsersPage :76 - Clicking on Add button: [[ChromeDriver: chrome on WINDOWS (1d1a637ad1cf5c58aa932a180dafa15f)] -> xpath: //button[@class='oxd-button oxd-button--medium oxd-button--secondary']]
2023-05-21 00:05:419 INFO  ViewSystemUsersPage :81 - Verifying User added text: Add User
2023-05-21 00:05:987 INFO  ViewSystemUsersPage :86 - Selecting Admin from Admin dropdown: Proxy element for: DefaultElementLocator 'By.xpath: //*[@class='oxd-select-wrapper']//*[contains(text(),'Admin')]'
2023-05-21 00:05:715 INFO  ViewSystemUsersPage :94 - Entering Employee name: Proxy element for: DefaultElementLocator 'By.xpath: //*[@class='oxd-autocomplete-wrapper']//*[contains(text(),'Goutam  Ganesh')]'
2023-05-21 00:05:565 INFO  ViewSystemUsersPage :101 - Entering User: [[ChromeDriver: chrome on WINDOWS (1d1a637ad1cf5c58aa932a180dafa15f)] -> xpath: //div[@class='oxd-form-row']/div[1]/div[4]/div[1]/div[2]/input[1]]
2023-05-21 00:05:220 INFO  ViewSystemUsersPage :106 - Selecting Status Disable: Proxy element for: DefaultElementLocator 'By.xpath: //*[@class='oxd-select-wrapper']//*[contains(text(),'Disabled')]'
2023-05-21 00:05:472 INFO  ViewSystemUsersPage :122 - Entering Password: [[ChromeDriver: chrome on WINDOWS (1d1a637ad1cf5c58aa932a180dafa15f)] -> xpath: //div[@class='orangehrm-card-container']/form[1]/div[2]/div[1]/div[1]/div[1]/div[2]/input[1]]
2023-05-21 00:05:576 INFO  ViewSystemUsersPage :127 - Entering Confirm Password: [[ChromeDriver: chrome on WINDOWS (1d1a637ad1cf5c58aa932a180dafa15f)] -> xpath: //div[@class='orangehrm-card-container']/form[1]/div[2]/div[1]/div[2]/div[1]/div[2]/input[1]]
2023-05-21 00:05:709 INFO  ViewSystemUsersPage :132 - Clicking on Save: [[ChromeDriver: chrome on WINDOWS (1d1a637ad1cf5c58aa932a180dafa15f)] -> xpath: //button[@class='oxd-button oxd-button--medium oxd-button--secondary orangehrm-left-space']]
2023-05-21 00:05:719 INFO  LoginPage :41 - Enter User Name: Admin
2023-05-21 00:05:231 INFO  LoginPage :51 - Enter Password: admin123
2023-05-21 00:05:400 INFO  LoginPage :46 - Clicking on Login Button: [[ChromeDriver: chrome on WINDOWS (7bac95434fbd80b47d2bbe391a6847db)] -> xpath: //button[@type='submit']]
2023-05-21 00:05:710 INFO  ViewSystemUsersPage :66 - Clicking on Admin: [[ChromeDriver: chrome on WINDOWS (7bac95434fbd80b47d2bbe391a6847db)] -> xpath: //a[@href='/web/index.php/admin/viewAdminModule']]
2023-05-21 00:05:265 INFO  ViewSystemUsersPage :71 - Verifying System User Text: [[ChromeDriver: chrome on WINDOWS (7bac95434fbd80b47d2bbe391a6847db)] -> xpath: //h5[@class='oxd-text oxd-text--h5 oxd-table-filter-title']]
2023-05-21 00:05:342 INFO  AddUserPage :63 - Entering User Name: [[ChromeDriver: chrome on WINDOWS (7bac95434fbd80b47d2bbe391a6847db)] -> xpath: //div[@class='oxd-form-row']/div[1]/div[1]/div[1]/div[2]/input[1]]
2023-05-21 00:05:173 INFO  AddUserPage :68 - Selecting Role: [[ChromeDriver: chrome on WINDOWS (7bac95434fbd80b47d2bbe391a6847db)] -> xpath: //div[@class='oxd-grid-4 orangehrm-full-width-grid']/div[2]/div/div[2]/div/div/div[2]/i]
2023-05-21 00:05:902 INFO  AddUserPage :75 - Selecting Status Disable: Proxy element for: DefaultElementLocator 'By.xpath: //*[@class='oxd-select-wrapper']//*[contains(text(),'Disabled')]'
2023-05-21 00:05:116 INFO  AddUserPage :89 - Clicking on search button [[ChromeDriver: chrome on WINDOWS (7bac95434fbd80b47d2bbe391a6847db)] -> xpath: //button[@class='oxd-button oxd-button--medium oxd-button--secondary orangehrm-left-space']]
2023-05-21 00:05:395 INFO  AddUserPage :94 - Verifying Result Text: [[ChromeDriver: chrome on WINDOWS (7bac95434fbd80b47d2bbe391a6847db)] -> xpath: //div[@class='orangehrm-paper-container']/div[2]/div[1]/span[1]]
2023-05-21 00:05:622 INFO  LoginPage :41 - Enter User Name: Admin
2023-05-21 00:05:160 INFO  LoginPage :51 - Enter Password: admin123
2023-05-21 00:05:313 INFO  LoginPage :46 - Clicking on Login Button: [[ChromeDriver: chrome on WINDOWS (33d1ef95b9c89b8addaf1110281281a4)] -> xpath: //button[@type='submit']]
2023-05-21 00:05:597 INFO  ViewSystemUsersPage :66 - Clicking on Admin: [[ChromeDriver: chrome on WINDOWS (33d1ef95b9c89b8addaf1110281281a4)] -> xpath: //a[@href='/web/index.php/admin/viewAdminModule']]
2023-05-21 00:05:134 INFO  ViewSystemUsersPage :71 - Verifying System User Text: [[ChromeDriver: chrome on WINDOWS (33d1ef95b9c89b8addaf1110281281a4)] -> xpath: //h5[@class='oxd-text oxd-text--h5 oxd-table-filter-title']]
2023-05-21 00:05:205 INFO  ViewSystemUsersPage :76 - Clicking on Add button: [[ChromeDriver: chrome on WINDOWS (33d1ef95b9c89b8addaf1110281281a4)] -> xpath: //button[@class='oxd-button oxd-button--medium oxd-button--secondary']]
2023-05-21 00:05:838 INFO  ViewSystemUsersPage :81 - Verifying User added text: Add User
2023-05-21 00:05:375 INFO  ViewSystemUsersPage :86 - Selecting Admin from Admin dropdown: Proxy element for: DefaultElementLocator 'By.xpath: //*[@class='oxd-select-wrapper']//*[contains(text(),'Admin')]'
2023-05-21 00:05:171 INFO  ViewSystemUsersPage :94 - Entering Employee name: Proxy element for: DefaultElementLocator 'By.xpath: //*[@class='oxd-autocomplete-wrapper']//*[contains(text(),'Goutam  Ganesh')]'
2023-05-21 00:05:02 INFO  ViewSystemUsersPage :101 - Entering User: [[ChromeDriver: chrome on WINDOWS (33d1ef95b9c89b8addaf1110281281a4)] -> xpath: //div[@class='oxd-form-row']/div[1]/div[4]/div[1]/div[2]/input[1]]
2023-05-21 00:05:642 INFO  ViewSystemUsersPage :114 - Selecting Status Enable: Proxy element for: DefaultElementLocator 'By.xpath: //*[@class='oxd-select-wrapper']//*[contains(text(),'Enabled')]'
2023-05-21 00:05:919 INFO  ViewSystemUsersPage :122 - Entering Password: [[ChromeDriver: chrome on WINDOWS (33d1ef95b9c89b8addaf1110281281a4)] -> xpath: //div[@class='orangehrm-card-container']/form[1]/div[2]/div[1]/div[1]/div[1]/div[2]/input[1]]
2023-05-21 00:05:29 INFO  ViewSystemUsersPage :127 - Entering Confirm Password: [[ChromeDriver: chrome on WINDOWS (33d1ef95b9c89b8addaf1110281281a4)] -> xpath: //div[@class='orangehrm-card-container']/form[1]/div[2]/div[1]/div[2]/div[1]/div[2]/input[1]]
2023-05-21 00:05:157 INFO  ViewSystemUsersPage :132 - Clicking on Save: [[ChromeDriver: chrome on WINDOWS (33d1ef95b9c89b8addaf1110281281a4)] -> xpath: //button[@class='oxd-button oxd-button--medium oxd-button--secondary orangehrm-left-space']]
2023-05-21 00:05:737 INFO  AddUserPage :63 - Entering User Name: [[ChromeDriver: chrome on WINDOWS (33d1ef95b9c89b8addaf1110281281a4)] -> xpath: //div[@class='oxd-form-row']/div[1]/div[1]/div[1]/div[2]/input[1]]
2023-05-21 00:05:396 INFO  AddUserPage :68 - Selecting Role: [[ChromeDriver: chrome on WINDOWS (33d1ef95b9c89b8addaf1110281281a4)] -> xpath: //div[@class='oxd-grid-4 orangehrm-full-width-grid']/div[2]/div/div[2]/div/div/div[2]/i]
2023-05-21 00:05:111 INFO  AddUserPage :82 - Selecting Status Disable: [[ChromeDriver: chrome on WINDOWS (33d1ef95b9c89b8addaf1110281281a4)] -> xpath: //div[contains(text(),'Enabled')]]
2023-05-21 00:05:320 INFO  AddUserPage :89 - Clicking on search button [[ChromeDriver: chrome on WINDOWS (33d1ef95b9c89b8addaf1110281281a4)] -> xpath: //button[@class='oxd-button oxd-button--medium oxd-button--secondary orangehrm-left-space']]
2023-05-21 00:05:614 INFO  AddUserPage :99 - Clicking on Checkbox: [[ChromeDriver: chrome on WINDOWS (33d1ef95b9c89b8addaf1110281281a4)] -> xpath: //body/div[@id='app']/div[1]/div[2]/div[2]/div[1]/div[2]/div[3]/div[1]/div[2]/div[1]/div[1]/div[1]/div[1]/div[1]/label[1]/span[1]/i[1]]
2023-05-21 00:05:206 INFO  AddUserPage :104 - Clicking on Delete Button: [[ChromeDriver: chrome on WINDOWS (33d1ef95b9c89b8addaf1110281281a4)] -> xpath: //div[@class='oxd-table-cell-actions']/button[1]/i[1]]
2023-05-21 00:05:817 INFO  AddUserPage :110 - Clicking on Pop up: [[ChromeDriver: chrome on WINDOWS (33d1ef95b9c89b8addaf1110281281a4)] -> xpath: //div[@class='orangehrm-modal-footer']/button[2]]
2023-05-21 00:05:831 INFO  AddUserPage :116 - Verifying Message: [[ChromeDriver: chrome on WINDOWS (33d1ef95b9c89b8addaf1110281281a4)] -> xpath: //div[@class='orangehrm-paper-container']/div[2]/div[1]/span[1]]
2023-05-21 00:05:161 INFO  LoginPage :41 - Enter User Name: Admin
2023-05-21 00:05:668 INFO  LoginPage :51 - Enter Password: admin123
2023-05-21 00:05:823 INFO  LoginPage :46 - Clicking on Login Button: [[ChromeDriver: chrome on WINDOWS (d2ab7adcb53094bc9dda80e562c3609a)] -> xpath: //button[@type='submit']]
2023-05-21 00:05:74 INFO  ViewSystemUsersPage :66 - Clicking on Admin: [[ChromeDriver: chrome on WINDOWS (d2ab7adcb53094bc9dda80e562c3609a)] -> xpath: //a[@href='/web/index.php/admin/viewAdminModule']]
2023-05-21 00:05:785 INFO  ViewSystemUsersPage :71 - Verifying System User Text: [[ChromeDriver: chrome on WINDOWS (d2ab7adcb53094bc9dda80e562c3609a)] -> xpath: //h5[@class='oxd-text oxd-text--h5 oxd-table-filter-title']]
2023-05-21 00:05:846 INFO  AddUserPage :63 - Entering User Name: [[ChromeDriver: chrome on WINDOWS (d2ab7adcb53094bc9dda80e562c3609a)] -> xpath: //div[@class='oxd-form-row']/div[1]/div[1]/div[1]/div[2]/input[1]]
2023-05-21 00:05:683 INFO  AddUserPage :68 - Selecting Role: [[ChromeDriver: chrome on WINDOWS (d2ab7adcb53094bc9dda80e562c3609a)] -> xpath: //div[@class='oxd-grid-4 orangehrm-full-width-grid']/div[2]/div/div[2]/div/div/div[2]/i]
2023-05-21 00:05:408 INFO  AddUserPage :75 - Selecting Status Disable: Proxy element for: DefaultElementLocator 'By.xpath: //*[@class='oxd-select-wrapper']//*[contains(text(),'Disabled')]'
2023-05-21 00:05:596 INFO  AddUserPage :121 - Clicking on search button: [[ChromeDriver: chrome on WINDOWS (d2ab7adcb53094bc9dda80e562c3609a)] -> xpath: //div[@class='oxd-table-filter-area']/form[1]/div[2]/button[2]]
2023-05-21 00:05:875 INFO  AddUserPage :126 - Verifying No Record Found: [[ChromeDriver: chrome on WINDOWS (d2ab7adcb53094bc9dda80e562c3609a)] -> xpath: //div[@class='orangehrm-horizontal-padding orangehrm-vertical-padding']]
2023-05-22 22:05:173 INFO  LoginPage :41 - Enter User Name: Admin
2023-05-22 22:05:410 INFO  LoginPage :51 - Enter Password: admin123
2023-05-22 22:05:610 INFO  LoginPage :46 - Clicking on Login Button: [[ChromeDriver: chrome on WINDOWS (0ae8f08a42e8e8abaa42744e9ae2b898)] -> xpath: //button[@type='submit']]
2023-05-22 22:05:726 INFO  LoginPage :62 - Verifying Login: [[ChromeDriver: chrome on WINDOWS (0ae8f08a42e8e8abaa42744e9ae2b898)] -> xpath: //h6[normalize-space()='Dashboard']]
2023-05-22 22:05:487 INFO  LoginPage :41 - Enter User Name: Admin
2023-05-22 22:05:885 INFO  LoginPage :51 - Enter Password: admin123
2023-05-22 22:05:51 INFO  LoginPage :46 - Clicking on Login Button: [[ChromeDriver: chrome on WINDOWS (891a55639dd75140c41572ab89cbcca3)] -> xpath: //button[@type='submit']]
2023-05-22 22:05:344 INFO  DashboardPage :31 - Verifying Orange HRM Logo: [[ChromeDriver: chrome on WINDOWS (891a55639dd75140c41572ab89cbcca3)] -> xpath: //img[@alt='client brand banner']]
2023-05-22 22:05:690 INFO  LoginPage :41 - Enter User Name: Admin
2023-05-22 22:05:39 INFO  LoginPage :51 - Enter Password: admin123
2023-05-22 22:05:184 INFO  LoginPage :46 - Clicking on Login Button: [[ChromeDriver: chrome on WINDOWS (55cfffcd7175771ea543352d50480fd2)] -> xpath: //button[@type='submit']]
2023-05-22 22:05:232 INFO  HomePage :44 - Clicking on user profile logo: [[ChromeDriver: chrome on WINDOWS (55cfffcd7175771ea543352d50480fd2)] -> xpath: //p[@class='oxd-userdropdown-name']]
2023-05-22 22:05:802 INFO  HomePage :50 - Clicking on Log Out: [[ChromeDriver: chrome on WINDOWS (55cfffcd7175771ea543352d50480fd2)] -> xpath: //a[normalize-space()='Logout']]
2023-05-22 22:05:143 INFO  LoginPage :36 - Verifying Login Text: [[ChromeDriver: chrome on WINDOWS (55cfffcd7175771ea543352d50480fd2)] -> xpath: //h5[normalize-space()='Login']]
2023-05-22 22:05:892 INFO  LoginPage :41 - Enter User Name: Admin
2023-05-22 22:05:231 INFO  LoginPage :51 - Enter Password: admin123
2023-05-22 22:05:389 INFO  LoginPage :46 - Clicking on Login Button: [[ChromeDriver: chrome on WINDOWS (10a653019ad0398b7af05fcff3fc10c2)] -> xpath: //button[@type='submit']]
2023-05-22 22:05:584 INFO  ViewSystemUsersPage :66 - Clicking on Admin: [[ChromeDriver: chrome on WINDOWS (10a653019ad0398b7af05fcff3fc10c2)] -> xpath: //a[@href='/web/index.php/admin/viewAdminModule']]
2023-05-22 22:05:112 INFO  ViewSystemUsersPage :71 - Verifying System User Text: [[ChromeDriver: chrome on WINDOWS (10a653019ad0398b7af05fcff3fc10c2)] -> xpath: //h5[@class='oxd-text oxd-text--h5 oxd-table-filter-title']]
2023-05-22 22:05:165 INFO  ViewSystemUsersPage :76 - Clicking on Add button: [[ChromeDriver: chrome on WINDOWS (10a653019ad0398b7af05fcff3fc10c2)] -> xpath: //button[@class='oxd-button oxd-button--medium oxd-button--secondary']]
2023-05-22 22:05:737 INFO  ViewSystemUsersPage :81 - Verifying User added text: Add User
2023-05-22 22:05:312 INFO  ViewSystemUsersPage :86 - Selecting Admin from Admin dropdown: Proxy element for: DefaultElementLocator 'By.xpath: //*[@class='oxd-select-wrapper']//*[contains(text(),'Admin')]'
2023-05-22 22:05:68 INFO  ViewSystemUsersPage :94 - Entering Employee name: Proxy element for: DefaultElementLocator 'By.xpath: //*[@class='oxd-autocomplete-wrapper']//*[contains(text(),'Goutam  Ganesh')]'
2023-05-22 22:05:863 INFO  ViewSystemUsersPage :101 - Entering User: [[ChromeDriver: chrome on WINDOWS (10a653019ad0398b7af05fcff3fc10c2)] -> xpath: //div[@class='oxd-form-row']/div[1]/div[4]/div[1]/div[2]/input[1]]
2023-05-22 22:05:508 INFO  ViewSystemUsersPage :106 - Selecting Status Disable: Proxy element for: DefaultElementLocator 'By.xpath: //*[@class='oxd-select-wrapper']//*[contains(text(),'Disabled')]'
2023-05-22 22:05:708 INFO  ViewSystemUsersPage :122 - Entering Password: [[ChromeDriver: chrome on WINDOWS (10a653019ad0398b7af05fcff3fc10c2)] -> xpath: //div[@class='orangehrm-card-container']/form[1]/div[2]/div[1]/div[1]/div[1]/div[2]/input[1]]
2023-05-22 22:05:807 INFO  ViewSystemUsersPage :127 - Entering Confirm Password: [[ChromeDriver: chrome on WINDOWS (10a653019ad0398b7af05fcff3fc10c2)] -> xpath: //div[@class='orangehrm-card-container']/form[1]/div[2]/div[1]/div[2]/div[1]/div[2]/input[1]]
2023-05-22 22:05:944 INFO  ViewSystemUsersPage :132 - Clicking on Save: [[ChromeDriver: chrome on WINDOWS (10a653019ad0398b7af05fcff3fc10c2)] -> xpath: //button[@class='oxd-button oxd-button--medium oxd-button--secondary orangehrm-left-space']]
2023-05-22 22:05:127 INFO  LoginPage :41 - Enter User Name: Admin
2023-05-22 22:05:510 INFO  LoginPage :51 - Enter Password: admin123
2023-05-22 22:05:655 INFO  LoginPage :46 - Clicking on Login Button: [[ChromeDriver: chrome on WINDOWS (7c5a44626bd9f4f466c9036f55838612)] -> xpath: //button[@type='submit']]
2023-05-22 22:05:953 INFO  ViewSystemUsersPage :66 - Clicking on Admin: [[ChromeDriver: chrome on WINDOWS (7c5a44626bd9f4f466c9036f55838612)] -> xpath: //a[@href='/web/index.php/admin/viewAdminModule']]
2023-05-22 22:05:416 INFO  ViewSystemUsersPage :71 - Verifying System User Text: [[ChromeDriver: chrome on WINDOWS (7c5a44626bd9f4f466c9036f55838612)] -> xpath: //h5[@class='oxd-text oxd-text--h5 oxd-table-filter-title']]
2023-05-22 22:05:466 INFO  AddUserPage :63 - Entering User Name: [[ChromeDriver: chrome on WINDOWS (7c5a44626bd9f4f466c9036f55838612)] -> xpath: //div[@class='oxd-form-row']/div[1]/div[1]/div[1]/div[2]/input[1]]
2023-05-22 22:05:69 INFO  AddUserPage :68 - Selecting Role: [[ChromeDriver: chrome on WINDOWS (7c5a44626bd9f4f466c9036f55838612)] -> xpath: //div[@class='oxd-grid-4 orangehrm-full-width-grid']/div[2]/div/div[2]/div/div/div[2]/i]
2023-05-22 22:05:636 INFO  AddUserPage :75 - Selecting Status Disable: Proxy element for: DefaultElementLocator 'By.xpath: //*[@class='oxd-select-wrapper']//*[contains(text(),'Disabled')]'
2023-05-22 22:05:505 INFO  LoginPage :41 - Enter User Name: Admin
2023-05-22 22:05:838 INFO  LoginPage :51 - Enter Password: admin123
2023-05-22 22:05:971 INFO  LoginPage :46 - Clicking on Login Button: [[ChromeDriver: chrome on WINDOWS (87128a153843d726128c8789607d1fb7)] -> xpath: //button[@type='submit']]
2023-05-22 22:05:377 INFO  ViewSystemUsersPage :66 - Clicking on Admin: [[ChromeDriver: chrome on WINDOWS (87128a153843d726128c8789607d1fb7)] -> xpath: //a[@href='/web/index.php/admin/viewAdminModule']]
2023-05-22 22:05:960 INFO  ViewSystemUsersPage :71 - Verifying System User Text: [[ChromeDriver: chrome on WINDOWS (87128a153843d726128c8789607d1fb7)] -> xpath: //h5[@class='oxd-text oxd-text--h5 oxd-table-filter-title']]
2023-05-22 22:05:997 INFO  ViewSystemUsersPage :76 - Clicking on Add button: [[ChromeDriver: chrome on WINDOWS (87128a153843d726128c8789607d1fb7)] -> xpath: //button[@class='oxd-button oxd-button--medium oxd-button--secondary']]
2023-05-22 22:05:675 INFO  ViewSystemUsersPage :81 - Verifying User added text: Add User
2023-05-22 22:05:404 INFO  LoginPage :41 - Enter User Name: Admin
2023-05-22 22:05:580 INFO  LoginPage :51 - Enter Password: admin123
2023-05-22 22:05:721 INFO  LoginPage :46 - Clicking on Login Button: [[ChromeDriver: chrome on WINDOWS (5ab46596645bdeb16f8273743e97bb5b)] -> xpath: //button[@type='submit']]
2023-05-22 22:05:22 INFO  LoginPage :62 - Verifying Login: [[ChromeDriver: chrome on WINDOWS (5ab46596645bdeb16f8273743e97bb5b)] -> xpath: //h6[normalize-space()='Dashboard']]
2023-05-22 22:05:885 INFO  LoginPage :41 - Enter User Name: Admin
2023-05-22 22:05:271 INFO  LoginPage :51 - Enter Password: admin123
2023-05-22 22:05:412 INFO  LoginPage :46 - Clicking on Login Button: [[ChromeDriver: chrome on WINDOWS (7c0f183559ebee51d924c6441fcb9f33)] -> xpath: //button[@type='submit']]
2023-05-22 22:05:722 INFO  DashboardPage :31 - Verifying Orange HRM Logo: [[ChromeDriver: chrome on WINDOWS (7c0f183559ebee51d924c6441fcb9f33)] -> xpath: //img[@alt='client brand banner']]
2023-05-22 22:05:27 INFO  LoginPage :41 - Enter User Name: Admin
2023-05-22 22:05:352 INFO  LoginPage :51 - Enter Password: admin123
2023-05-22 22:05:497 INFO  LoginPage :46 - Clicking on Login Button: [[ChromeDriver: chrome on WINDOWS (79a8a38a69f1e99fb95f1aa7c1b97d71)] -> xpath: //button[@type='submit']]
2023-05-22 22:05:750 INFO  HomePage :44 - Clicking on user profile logo: [[ChromeDriver: chrome on WINDOWS (79a8a38a69f1e99fb95f1aa7c1b97d71)] -> xpath: //p[@class='oxd-userdropdown-name']]
2023-05-22 22:05:329 INFO  HomePage :50 - Clicking on Log Out: [[ChromeDriver: chrome on WINDOWS (79a8a38a69f1e99fb95f1aa7c1b97d71)] -> xpath: //a[normalize-space()='Logout']]
2023-05-22 22:05:581 INFO  LoginPage :36 - Verifying Login Text: [[ChromeDriver: chrome on WINDOWS (79a8a38a69f1e99fb95f1aa7c1b97d71)] -> xpath: //h5[normalize-space()='Login']]
2023-05-22 22:05:888 INFO  LoginPage :41 - Enter User Name: Admin
2023-05-22 22:05:229 INFO  LoginPage :51 - Enter Password: admin123
2023-05-22 22:05:378 INFO  LoginPage :46 - Clicking on Login Button: [[ChromeDriver: chrome on WINDOWS (c2bde851accd5f1429cabd397082fa1f)] -> xpath: //button[@type='submit']]
2023-05-22 22:05:646 INFO  ViewSystemUsersPage :66 - Clicking on Admin: [[ChromeDriver: chrome on WINDOWS (c2bde851accd5f1429cabd397082fa1f)] -> xpath: //a[@href='/web/index.php/admin/viewAdminModule']]
2023-05-22 22:05:109 INFO  ViewSystemUsersPage :71 - Verifying System User Text: [[ChromeDriver: chrome on WINDOWS (c2bde851accd5f1429cabd397082fa1f)] -> xpath: //h5[@class='oxd-text oxd-text--h5 oxd-table-filter-title']]
2023-05-22 22:05:153 INFO  ViewSystemUsersPage :76 - Clicking on Add button: [[ChromeDriver: chrome on WINDOWS (c2bde851accd5f1429cabd397082fa1f)] -> xpath: //button[@class='oxd-button oxd-button--medium oxd-button--secondary']]
2023-05-22 22:05:761 INFO  ViewSystemUsersPage :81 - Verifying User added text: Add User
2023-05-22 22:05:346 INFO  ViewSystemUsersPage :86 - Selecting Admin from Admin dropdown: Proxy element for: DefaultElementLocator 'By.xpath: //*[@class='oxd-select-wrapper']//*[contains(text(),'Admin')]'
2023-05-22 22:05:110 INFO  ViewSystemUsersPage :94 - Entering Employee name: Proxy element for: DefaultElementLocator 'By.xpath: //*[@class='oxd-autocomplete-wrapper']//*[contains(text(),'Goutam  Ganesh')]'
2023-05-22 22:05:861 INFO  ViewSystemUsersPage :101 - Entering User: [[ChromeDriver: chrome on WINDOWS (c2bde851accd5f1429cabd397082fa1f)] -> xpath: //div[@class='oxd-form-row']/div[1]/div[4]/div[1]/div[2]/input[1]]
2023-05-22 22:05:569 INFO  ViewSystemUsersPage :106 - Selecting Status Disable: Proxy element for: DefaultElementLocator 'By.xpath: //*[@class='oxd-select-wrapper']//*[contains(text(),'Disabled')]'
2023-05-22 22:05:939 INFO  ViewSystemUsersPage :122 - Entering Password: [[ChromeDriver: chrome on WINDOWS (c2bde851accd5f1429cabd397082fa1f)] -> xpath: //div[@class='orangehrm-card-container']/form[1]/div[2]/div[1]/div[1]/div[1]/div[2]/input[1]]
2023-05-22 22:05:32 INFO  ViewSystemUsersPage :127 - Entering Confirm Password: [[ChromeDriver: chrome on WINDOWS (c2bde851accd5f1429cabd397082fa1f)] -> xpath: //div[@class='orangehrm-card-container']/form[1]/div[2]/div[1]/div[2]/div[1]/div[2]/input[1]]
2023-05-22 22:05:141 INFO  ViewSystemUsersPage :132 - Clicking on Save: [[ChromeDriver: chrome on WINDOWS (c2bde851accd5f1429cabd397082fa1f)] -> xpath: //button[@class='oxd-button oxd-button--medium oxd-button--secondary orangehrm-left-space']]
2023-05-22 22:05:752 INFO  LoginPage :41 - Enter User Name: Admin
2023-05-22 22:05:87 INFO  LoginPage :51 - Enter Password: admin123
2023-05-22 22:05:230 INFO  LoginPage :46 - Clicking on Login Button: [[ChromeDriver: chrome on WINDOWS (c0fefdd225ca566142d37da925a48c58)] -> xpath: //button[@type='submit']]
2023-05-22 22:05:479 INFO  ViewSystemUsersPage :66 - Clicking on Admin: [[ChromeDriver: chrome on WINDOWS (c0fefdd225ca566142d37da925a48c58)] -> xpath: //a[@href='/web/index.php/admin/viewAdminModule']]
2023-05-22 22:05:23 INFO  ViewSystemUsersPage :71 - Verifying System User Text: [[ChromeDriver: chrome on WINDOWS (c0fefdd225ca566142d37da925a48c58)] -> xpath: //h5[@class='oxd-text oxd-text--h5 oxd-table-filter-title']]
2023-05-22 22:05:103 INFO  AddUserPage :63 - Entering User Name: [[ChromeDriver: chrome on WINDOWS (c0fefdd225ca566142d37da925a48c58)] -> xpath: //div[@class='oxd-form-row']/div[1]/div[1]/div[1]/div[2]/input[1]]
2023-05-22 22:05:744 INFO  AddUserPage :68 - Selecting Role: [[ChromeDriver: chrome on WINDOWS (c0fefdd225ca566142d37da925a48c58)] -> xpath: //div[@class='oxd-grid-4 orangehrm-full-width-grid']/div[2]/div/div[2]/div/div/div[2]/i]
2023-05-22 22:05:438 INFO  AddUserPage :75 - Selecting Status Disable: Proxy element for: DefaultElementLocator 'By.xpath: //*[@class='oxd-select-wrapper']//*[contains(text(),'Disabled')]'
2023-05-22 22:05:591 INFO  AddUserPage :89 - Clicking on search button [[ChromeDriver: chrome on WINDOWS (c0fefdd225ca566142d37da925a48c58)] -> xpath: //button[@class='oxd-button oxd-button--medium oxd-button--secondary orangehrm-left-space']]
2023-05-22 22:05:926 INFO  AddUserPage :94 - Verifying Result Text: [[ChromeDriver: chrome on WINDOWS (c0fefdd225ca566142d37da925a48c58)] -> xpath: //div[@class='orangehrm-paper-container']/div[2]/div[1]/span[1]]
2023-05-22 22:05:421 INFO  LoginPage :41 - Enter User Name: Admin
2023-05-22 22:05:740 INFO  LoginPage :51 - Enter Password: admin123
2023-05-22 22:05:855 INFO  LoginPage :46 - Clicking on Login Button: [[ChromeDriver: chrome on WINDOWS (4a9c88b59a4526eb173755a7c556f803)] -> xpath: //button[@type='submit']]
2023-05-22 22:05:139 INFO  ViewSystemUsersPage :66 - Clicking on Admin: [[ChromeDriver: chrome on WINDOWS (4a9c88b59a4526eb173755a7c556f803)] -> xpath: //a[@href='/web/index.php/admin/viewAdminModule']]
2023-05-22 22:05:764 INFO  ViewSystemUsersPage :71 - Verifying System User Text: [[ChromeDriver: chrome on WINDOWS (4a9c88b59a4526eb173755a7c556f803)] -> xpath: //h5[@class='oxd-text oxd-text--h5 oxd-table-filter-title']]
2023-05-22 22:05:823 INFO  ViewSystemUsersPage :76 - Clicking on Add button: [[ChromeDriver: chrome on WINDOWS (4a9c88b59a4526eb173755a7c556f803)] -> xpath: //button[@class='oxd-button oxd-button--medium oxd-button--secondary']]
2023-05-22 22:05:354 INFO  ViewSystemUsersPage :81 - Verifying User added text: Add User
2023-05-22 22:05:894 INFO  ViewSystemUsersPage :86 - Selecting Admin from Admin dropdown: Proxy element for: DefaultElementLocator 'By.xpath: //*[@class='oxd-select-wrapper']//*[contains(text(),'Admin')]'
2023-05-22 22:05:706 INFO  ViewSystemUsersPage :94 - Entering Employee name: Proxy element for: DefaultElementLocator 'By.xpath: //*[@class='oxd-autocomplete-wrapper']//*[contains(text(),'Goutam  Ganesh')]'
2023-05-22 22:05:660 INFO  ViewSystemUsersPage :101 - Entering User: [[ChromeDriver: chrome on WINDOWS (4a9c88b59a4526eb173755a7c556f803)] -> xpath: //div[@class='oxd-form-row']/div[1]/div[4]/div[1]/div[2]/input[1]]
2023-05-22 22:05:314 INFO  ViewSystemUsersPage :114 - Selecting Status Enable: Proxy element for: DefaultElementLocator 'By.xpath: //*[@class='oxd-select-wrapper']//*[contains(text(),'Enabled')]'
2023-05-22 22:05:519 INFO  ViewSystemUsersPage :122 - Entering Password: [[ChromeDriver: chrome on WINDOWS (4a9c88b59a4526eb173755a7c556f803)] -> xpath: //div[@class='orangehrm-card-container']/form[1]/div[2]/div[1]/div[1]/div[1]/div[2]/input[1]]
2023-05-22 22:05:673 INFO  ViewSystemUsersPage :127 - Entering Confirm Password: [[ChromeDriver: chrome on WINDOWS (4a9c88b59a4526eb173755a7c556f803)] -> xpath: //div[@class='orangehrm-card-container']/form[1]/div[2]/div[1]/div[2]/div[1]/div[2]/input[1]]
2023-05-22 22:05:09 INFO  ViewSystemUsersPage :132 - Clicking on Save: [[ChromeDriver: chrome on WINDOWS (4a9c88b59a4526eb173755a7c556f803)] -> xpath: //button[@class='oxd-button oxd-button--medium oxd-button--secondary orangehrm-left-space']]
2023-05-22 22:05:632 INFO  AddUserPage :63 - Entering User Name: [[ChromeDriver: chrome on WINDOWS (4a9c88b59a4526eb173755a7c556f803)] -> xpath: //div[@class='oxd-form-row']/div[1]/div[1]/div[1]/div[2]/input[1]]
2023-05-22 22:05:295 INFO  AddUserPage :68 - Selecting Role: [[ChromeDriver: chrome on WINDOWS (4a9c88b59a4526eb173755a7c556f803)] -> xpath: //div[@class='oxd-grid-4 orangehrm-full-width-grid']/div[2]/div/div[2]/div/div/div[2]/i]
2023-05-22 22:05:254 INFO  AddUserPage :82 - Selecting Status Disable: [[ChromeDriver: chrome on WINDOWS (4a9c88b59a4526eb173755a7c556f803)] -> xpath: //div[contains(text(),'Enabled')]]
2023-05-22 22:05:407 INFO  AddUserPage :89 - Clicking on search button [[ChromeDriver: chrome on WINDOWS (4a9c88b59a4526eb173755a7c556f803)] -> xpath: //button[@class='oxd-button oxd-button--medium oxd-button--secondary orangehrm-left-space']]
2023-05-22 22:05:779 INFO  AddUserPage :99 - Clicking on Checkbox: [[ChromeDriver: chrome on WINDOWS (4a9c88b59a4526eb173755a7c556f803)] -> xpath: //body/div[@id='app']/div[1]/div[2]/div[2]/div[1]/div[2]/div[3]/div[1]/div[2]/div[1]/div[1]/div[1]/div[1]/div[1]/label[1]/span[1]/i[1]]
2023-05-22 22:05:467 INFO  AddUserPage :104 - Clicking on Delete Button: [[ChromeDriver: chrome on WINDOWS (4a9c88b59a4526eb173755a7c556f803)] -> xpath: //div[@class='oxd-table-cell-actions']/button[1]/i[1]]
2023-05-22 22:05:166 INFO  AddUserPage :110 - Clicking on Pop up: [[ChromeDriver: chrome on WINDOWS (4a9c88b59a4526eb173755a7c556f803)] -> xpath: //div[@class='orangehrm-modal-footer']/button[2]]
2023-05-22 22:05:38 INFO  AddUserPage :116 - Verifying Message: [[ChromeDriver: chrome on WINDOWS (4a9c88b59a4526eb173755a7c556f803)] -> xpath: //div[@class='orangehrm-paper-container']/div[2]/div[1]/span[1]]
2023-05-22 22:05:550 INFO  LoginPage :41 - Enter User Name: Admin
2023-05-22 22:05:927 INFO  LoginPage :51 - Enter Password: admin123
2023-05-22 22:05:73 INFO  LoginPage :46 - Clicking on Login Button: [[ChromeDriver: chrome on WINDOWS (870cc25d9f39d3755d15ecd1f774571e)] -> xpath: //button[@type='submit']]
2023-05-22 22:05:331 INFO  ViewSystemUsersPage :66 - Clicking on Admin: [[ChromeDriver: chrome on WINDOWS (870cc25d9f39d3755d15ecd1f774571e)] -> xpath: //a[@href='/web/index.php/admin/viewAdminModule']]
2023-05-22 22:05:760 INFO  ViewSystemUsersPage :71 - Verifying System User Text: [[ChromeDriver: chrome on WINDOWS (870cc25d9f39d3755d15ecd1f774571e)] -> xpath: //h5[@class='oxd-text oxd-text--h5 oxd-table-filter-title']]
2023-05-22 22:05:820 INFO  AddUserPage :63 - Entering User Name: [[ChromeDriver: chrome on WINDOWS (870cc25d9f39d3755d15ecd1f774571e)] -> xpath: //div[@class='oxd-form-row']/div[1]/div[1]/div[1]/div[2]/input[1]]
2023-05-22 22:05:424 INFO  AddUserPage :68 - Selecting Role: [[ChromeDriver: chrome on WINDOWS (870cc25d9f39d3755d15ecd1f774571e)] -> xpath: //div[@class='oxd-grid-4 orangehrm-full-width-grid']/div[2]/div/div[2]/div/div/div[2]/i]
2023-05-22 22:05:130 INFO  AddUserPage :75 - Selecting Status Disable: Proxy element for: DefaultElementLocator 'By.xpath: //*[@class='oxd-select-wrapper']//*[contains(text(),'Disabled')]'
2023-05-22 22:05:339 INFO  AddUserPage :121 - Clicking on search button: [[ChromeDriver: chrome on WINDOWS (870cc25d9f39d3755d15ecd1f774571e)] -> xpath: //div[@class='oxd-table-filter-area']/form[1]/div[2]/button[2]]
2023-05-22 22:05:741 INFO  AddUserPage :126 - Verifying No Record Found: [[ChromeDriver: chrome on WINDOWS (870cc25d9f39d3755d15ecd1f774571e)] -> xpath: //div[@class='orangehrm-horizontal-padding orangehrm-vertical-padding']]
2023-05-24 21:05:979 INFO  LoginPage :41 - Enter User Name: Admin
2023-05-24 21:05:173 INFO  LoginPage :51 - Enter Password: admin123
2023-05-24 21:05:307 INFO  LoginPage :46 - Clicking on Login Button: [[ChromeDriver: chrome on WINDOWS (eeb868f7872bb2d009909d39819924c7)] -> xpath: //button[@type='submit']]
2023-05-24 21:05:367 INFO  LoginPage :62 - Verifying Login: [[ChromeDriver: chrome on WINDOWS (eeb868f7872bb2d009909d39819924c7)] -> xpath: //h6[normalize-space()='Dashboard']]
2023-05-24 21:05:81 INFO  LoginPage :41 - Enter User Name: Admin
2023-05-24 21:05:448 INFO  LoginPage :51 - Enter Password: admin123
2023-05-24 21:05:536 INFO  LoginPage :46 - Clicking on Login Button: [[ChromeDriver: chrome on WINDOWS (6fa141cd1e5d4f2cbafbeb85f786e741)] -> xpath: //button[@type='submit']]
2023-05-24 21:05:643 INFO  DashboardPage :31 - Verifying Orange HRM Logo: [[ChromeDriver: chrome on WINDOWS (6fa141cd1e5d4f2cbafbeb85f786e741)] -> xpath: //img[@alt='client brand banner']]
2023-05-24 21:05:333 INFO  LoginPage :41 - Enter User Name: Admin
2023-05-24 21:05:658 INFO  LoginPage :51 - Enter Password: admin123
2023-05-24 21:05:753 INFO  LoginPage :46 - Clicking on Login Button: [[ChromeDriver: chrome on WINDOWS (01326c2b2308d4313084c84b78b83fa6)] -> xpath: //button[@type='submit']]
2023-05-24 21:05:767 INFO  HomePage :44 - Clicking on user profile logo: [[ChromeDriver: chrome on WINDOWS (01326c2b2308d4313084c84b78b83fa6)] -> xpath: //p[@class='oxd-userdropdown-name']]
2023-05-24 21:05:382 INFO  HomePage :50 - Clicking on Log Out: [[ChromeDriver: chrome on WINDOWS (01326c2b2308d4313084c84b78b83fa6)] -> xpath: //a[normalize-space()='Logout']]
2023-05-24 21:05:645 INFO  LoginPage :36 - Verifying Login Text: [[ChromeDriver: chrome on WINDOWS (01326c2b2308d4313084c84b78b83fa6)] -> xpath: //h5[normalize-space()='Login']]
2023-05-24 21:05:501 INFO  LoginPage :41 - Enter User Name: Admin
2023-05-24 21:05:825 INFO  LoginPage :51 - Enter Password: admin123
2023-05-24 21:05:936 INFO  LoginPage :46 - Clicking on Login Button: [[ChromeDriver: chrome on WINDOWS (1416f27cd205c8c05cc6aa21ae7f41a2)] -> xpath: //button[@type='submit']]
2023-05-24 21:05:931 INFO  ViewSystemUsersPage :66 - Clicking on Admin: [[ChromeDriver: chrome on WINDOWS (1416f27cd205c8c05cc6aa21ae7f41a2)] -> xpath: //a[@href='/web/index.php/admin/viewAdminModule']]
2023-05-24 21:05:444 INFO  ViewSystemUsersPage :71 - Verifying System User Text: [[ChromeDriver: chrome on WINDOWS (1416f27cd205c8c05cc6aa21ae7f41a2)] -> xpath: //h5[@class='oxd-text oxd-text--h5 oxd-table-filter-title']]
2023-05-24 21:05:492 INFO  ViewSystemUsersPage :76 - Clicking on Add button: [[ChromeDriver: chrome on WINDOWS (1416f27cd205c8c05cc6aa21ae7f41a2)] -> xpath: //button[@class='oxd-button oxd-button--medium oxd-button--secondary']]
2023-05-24 21:05:76 INFO  ViewSystemUsersPage :81 - Verifying User added text: Add User
2023-05-24 21:05:655 INFO  ViewSystemUsersPage :86 - Selecting Admin from Admin dropdown: Proxy element for: DefaultElementLocator 'By.xpath: //*[@class='oxd-select-wrapper']//*[contains(text(),'Admin')]'
2023-05-24 21:05:361 INFO  ViewSystemUsersPage :94 - Entering Employee name: Proxy element for: DefaultElementLocator 'By.xpath: //*[@class='oxd-autocomplete-wrapper']//*[contains(text(),'Goutam  Ganesh')]'
2023-05-24 21:05:580 INFO  LoginPage :41 - Enter User Name: Admin
2023-05-24 21:05:61 INFO  LoginPage :51 - Enter Password: admin123
2023-05-24 21:05:174 INFO  LoginPage :46 - Clicking on Login Button: [[ChromeDriver: chrome on WINDOWS (80241acf85f07bf005eee65a428d0b72)] -> xpath: //button[@type='submit']]
2023-05-24 21:05:328 INFO  ViewSystemUsersPage :66 - Clicking on Admin: [[ChromeDriver: chrome on WINDOWS (80241acf85f07bf005eee65a428d0b72)] -> xpath: //a[@href='/web/index.php/admin/viewAdminModule']]
2023-05-24 21:05:177 INFO  ViewSystemUsersPage :71 - Verifying System User Text: [[ChromeDriver: chrome on WINDOWS (80241acf85f07bf005eee65a428d0b72)] -> xpath: //h5[@class='oxd-text oxd-text--h5 oxd-table-filter-title']]
2023-05-24 21:05:244 INFO  AddUserPage :63 - Entering User Name: [[ChromeDriver: chrome on WINDOWS (80241acf85f07bf005eee65a428d0b72)] -> xpath: //div[@class='oxd-form-row']/div[1]/div[1]/div[1]/div[2]/input[1]]
2023-05-24 21:05:859 INFO  AddUserPage :68 - Selecting Role: [[ChromeDriver: chrome on WINDOWS (80241acf85f07bf005eee65a428d0b72)] -> xpath: //div[@class='oxd-grid-4 orangehrm-full-width-grid']/div[2]/div/div[2]/div/div/div[2]/i]
2023-05-24 21:05:127 INFO  AddUserPage :75 - Selecting Status Disable: Proxy element for: DefaultElementLocator 'By.xpath: //*[@class='oxd-select-wrapper']//*[contains(text(),'Disabled')]'
2023-05-24 21:05:970 INFO  LoginPage :41 - Enter User Name: Admin
2023-05-24 21:05:225 INFO  LoginPage :51 - Enter Password: admin123
2023-05-24 21:05:361 INFO  LoginPage :46 - Clicking on Login Button: [[ChromeDriver: chrome on WINDOWS (ec69ad39878f85df64b594094a415222)] -> xpath: //button[@type='submit']]
2023-05-24 21:05:680 INFO  LoginPage :62 - Verifying Login: [[ChromeDriver: chrome on WINDOWS (ec69ad39878f85df64b594094a415222)] -> xpath: //h6[normalize-space()='Dashboard']]
2023-05-24 21:05:253 INFO  LoginPage :41 - Enter User Name: Admin
2023-05-24 21:05:784 INFO  LoginPage :51 - Enter Password: admin123
2023-05-24 21:05:900 INFO  LoginPage :46 - Clicking on Login Button: [[ChromeDriver: chrome on WINDOWS (6a24062b54528ead71d1356d1abf67c1)] -> xpath: //button[@type='submit']]
2023-05-24 21:05:137 INFO  DashboardPage :31 - Verifying Orange HRM Logo: [[ChromeDriver: chrome on WINDOWS (6a24062b54528ead71d1356d1abf67c1)] -> xpath: //img[@alt='client brand banner']]
2023-05-24 21:05:869 INFO  LoginPage :41 - Enter User Name: Admin
2023-05-24 21:05:213 INFO  LoginPage :51 - Enter Password: admin123
2023-05-24 21:05:309 INFO  LoginPage :46 - Clicking on Login Button: [[ChromeDriver: chrome on WINDOWS (6e38c64605ab8152c2cfc5898253d5cc)] -> xpath: //button[@type='submit']]
2023-05-24 21:05:362 INFO  HomePage :44 - Clicking on user profile logo: [[ChromeDriver: chrome on WINDOWS (6e38c64605ab8152c2cfc5898253d5cc)] -> xpath: //p[@class='oxd-userdropdown-name']]
2023-05-24 21:05:946 INFO  HomePage :50 - Clicking on Log Out: [[ChromeDriver: chrome on WINDOWS (6e38c64605ab8152c2cfc5898253d5cc)] -> xpath: //a[normalize-space()='Logout']]
2023-05-24 21:05:185 INFO  LoginPage :36 - Verifying Login Text: [[ChromeDriver: chrome on WINDOWS (6e38c64605ab8152c2cfc5898253d5cc)] -> xpath: //h5[normalize-space()='Login']]
2023-05-24 21:05:948 INFO  LoginPage :41 - Enter User Name: Admin
2023-05-24 21:05:298 INFO  LoginPage :51 - Enter Password: admin123
2023-05-24 21:05:393 INFO  LoginPage :46 - Clicking on Login Button: [[ChromeDriver: chrome on WINDOWS (12194faae645763d86d304dcb90f8a05)] -> xpath: //button[@type='submit']]
2023-05-24 21:05:462 INFO  ViewSystemUsersPage :66 - Clicking on Admin: [[ChromeDriver: chrome on WINDOWS (12194faae645763d86d304dcb90f8a05)] -> xpath: //a[@href='/web/index.php/admin/viewAdminModule']]
2023-05-24 21:05:39 INFO  ViewSystemUsersPage :71 - Verifying System User Text: [[ChromeDriver: chrome on WINDOWS (12194faae645763d86d304dcb90f8a05)] -> xpath: //h5[@class='oxd-text oxd-text--h5 oxd-table-filter-title']]
2023-05-24 21:05:83 INFO  ViewSystemUsersPage :76 - Clicking on Add button: [[ChromeDriver: chrome on WINDOWS (12194faae645763d86d304dcb90f8a05)] -> xpath: //button[@class='oxd-button oxd-button--medium oxd-button--secondary']]
2023-05-24 21:05:769 INFO  ViewSystemUsersPage :81 - Verifying User added text: Add User
2023-05-24 21:05:876 INFO  ViewSystemUsersPage :86 - Selecting Admin from Admin dropdown: [[ChromeDriver: chrome on WINDOWS (12194faae645763d86d304dcb90f8a05)] -> xpath: //*[@class='oxd-select-wrapper']//*[contains(text(),'Admin')]]
2023-05-24 21:05:907 INFO  LoginPage :41 - Enter User Name: Admin
2023-05-24 21:05:239 INFO  LoginPage :51 - Enter Password: admin123
2023-05-24 21:05:333 INFO  LoginPage :46 - Clicking on Login Button: [[ChromeDriver: chrome on WINDOWS (9c3aad998e560ddd9dcc6e5ba740c2f7)] -> xpath: //button[@type='submit']]
2023-05-24 21:05:376 INFO  ViewSystemUsersPage :66 - Clicking on Admin: [[ChromeDriver: chrome on WINDOWS (9c3aad998e560ddd9dcc6e5ba740c2f7)] -> xpath: //a[@href='/web/index.php/admin/viewAdminModule']]
2023-05-24 21:05:81 INFO  ViewSystemUsersPage :71 - Verifying System User Text: [[ChromeDriver: chrome on WINDOWS (9c3aad998e560ddd9dcc6e5ba740c2f7)] -> xpath: //h5[@class='oxd-text oxd-text--h5 oxd-table-filter-title']]
2023-05-24 21:05:128 INFO  AddUserPage :63 - Entering User Name: [[ChromeDriver: chrome on WINDOWS (9c3aad998e560ddd9dcc6e5ba740c2f7)] -> xpath: //div[@class='oxd-form-row']/div[1]/div[1]/div[1]/div[2]/input[1]]
2023-05-24 21:05:715 INFO  AddUserPage :68 - Selecting Role: [[ChromeDriver: chrome on WINDOWS (9c3aad998e560ddd9dcc6e5ba740c2f7)] -> xpath: //div[@class='oxd-grid-4 orangehrm-full-width-grid']/div[2]/div/div[2]/div/div/div[2]/i]
2023-05-24 21:05:373 INFO  AddUserPage :75 - Selecting Status Disable: Proxy element for: DefaultElementLocator 'By.xpath: //*[@class='oxd-select-wrapper']//*[contains(text(),'Disabled')]'
2023-05-24 21:05:559 INFO  AddUserPage :89 - Clicking on search button [[ChromeDriver: chrome on WINDOWS (9c3aad998e560ddd9dcc6e5ba740c2f7)] -> xpath: //button[@class='oxd-button oxd-button--medium oxd-button--secondary orangehrm-left-space']]
2023-05-24 21:05:897 INFO  AddUserPage :94 - Verifying Result Text: [[ChromeDriver: chrome on WINDOWS (9c3aad998e560ddd9dcc6e5ba740c2f7)] -> xpath: //div[@class='orangehrm-paper-container']/div[2]/div[1]/span[1]]
2023-05-24 21:05:509 INFO  LoginPage :41 - Enter User Name: Admin
2023-05-24 21:05:923 INFO  LoginPage :51 - Enter Password: admin123
2023-05-24 21:05:25 INFO  LoginPage :46 - Clicking on Login Button: [[ChromeDriver: chrome on WINDOWS (cbea7f8d9af476befe7ba426ec8418af)] -> xpath: //button[@type='submit']]
2023-05-24 21:05:198 INFO  ViewSystemUsersPage :66 - Clicking on Admin: [[ChromeDriver: chrome on WINDOWS (cbea7f8d9af476befe7ba426ec8418af)] -> xpath: //a[@href='/web/index.php/admin/viewAdminModule']]
2023-05-24 21:05:795 INFO  ViewSystemUsersPage :71 - Verifying System User Text: [[ChromeDriver: chrome on WINDOWS (cbea7f8d9af476befe7ba426ec8418af)] -> xpath: //h5[@class='oxd-text oxd-text--h5 oxd-table-filter-title']]
2023-05-24 21:05:846 INFO  ViewSystemUsersPage :76 - Clicking on Add button: [[ChromeDriver: chrome on WINDOWS (cbea7f8d9af476befe7ba426ec8418af)] -> xpath: //button[@class='oxd-button oxd-button--medium oxd-button--secondary']]
2023-05-24 21:05:452 INFO  ViewSystemUsersPage :81 - Verifying User added text: Add User
2023-05-24 21:05:317 INFO  ViewSystemUsersPage :86 - Selecting Admin from Admin dropdown: [[ChromeDriver: chrome on WINDOWS (cbea7f8d9af476befe7ba426ec8418af)] -> xpath: //*[@class='oxd-select-wrapper']//*[contains(text(),'Admin')]]
2023-05-24 21:05:661 INFO  LoginPage :41 - Enter User Name: Admin
2023-05-24 21:05:119 INFO  LoginPage :51 - Enter Password: admin123
2023-05-24 21:05:228 INFO  LoginPage :46 - Clicking on Login Button: [[ChromeDriver: chrome on WINDOWS (38acd19a2625ec4f642a08070128c229)] -> xpath: //button[@type='submit']]
2023-05-24 21:05:431 INFO  ViewSystemUsersPage :66 - Clicking on Admin: [[ChromeDriver: chrome on WINDOWS (38acd19a2625ec4f642a08070128c229)] -> xpath: //a[@href='/web/index.php/admin/viewAdminModule']]
2023-05-24 21:05:238 INFO  ViewSystemUsersPage :71 - Verifying System User Text: [[ChromeDriver: chrome on WINDOWS (38acd19a2625ec4f642a08070128c229)] -> xpath: //h5[@class='oxd-text oxd-text--h5 oxd-table-filter-title']]
2023-05-24 21:05:312 INFO  AddUserPage :63 - Entering User Name: [[ChromeDriver: chrome on WINDOWS (38acd19a2625ec4f642a08070128c229)] -> xpath: //div[@class='oxd-form-row']/div[1]/div[1]/div[1]/div[2]/input[1]]
2023-05-24 21:05:918 INFO  AddUserPage :68 - Selecting Role: [[ChromeDriver: chrome on WINDOWS (38acd19a2625ec4f642a08070128c229)] -> xpath: //div[@class='oxd-grid-4 orangehrm-full-width-grid']/div[2]/div/div[2]/div/div/div[2]/i]
2023-05-24 21:05:135 INFO  AddUserPage :75 - Selecting Status Disable: [[ChromeDriver: chrome on WINDOWS (38acd19a2625ec4f642a08070128c229)] -> xpath: //*[@class='oxd-select-wrapper']//*[contains(text(),'Disabled')]]
